-Xajruntimetarget:1.5
-encoding
UTF-8
-showWeaveInfo
-source
11
-target
11
-classpath
C:\Users\Mazsak\.m2\repository\org\aspectj\aspectjrt\1.9.6\aspectjrt-1.9.6.jar;C:\Users\Mazsak\.m2\repository\org\hibernate\hibernate-core\5.2.8.Final\hibernate-core-5.2.8.Final.jar;C:\Users\Mazsak\.m2\repository\org\jboss\logging\jboss-logging\3.3.0.Final\jboss-logging-3.3.0.Final.jar;C:\Users\Mazsak\.m2\repository\org\hibernate\javax\persistence\hibernate-jpa-2.1-api\1.0.0.Final\hibernate-jpa-2.1-api-1.0.0.Final.jar;C:\Users\Mazsak\.m2\repository\org\javassist\javassist\3.20.0-GA\javassist-3.20.0-GA.jar;C:\Users\Mazsak\.m2\repository\antlr\antlr\2.7.7\antlr-2.7.7.jar;C:\Users\Mazsak\.m2\repository\org\jboss\spec\javax\transaction\jboss-transaction-api_1.2_spec\1.0.1.Final\jboss-transaction-api_1.2_spec-1.0.1.Final.jar;C:\Users\Mazsak\.m2\repository\org\jboss\jandex\2.0.3.Final\jandex-2.0.3.Final.jar;C:\Users\Mazsak\.m2\repository\com\fasterxml\classmate\1.3.0\classmate-1.3.0.jar;C:\Users\Mazsak\.m2\repository\dom4j\dom4j\1.6.1\dom4j-1.6.1.jar;C:\Users\Mazsak\.m2\repository\org\hibernate\common\hibernate-commons-annotations\5.0.1.Final\hibernate-commons-annotations-5.0.1.Final.jar;F:\Projects\UCZELNIA\MiIAB\aspectexample\target\classes
-d
F:\Projects\UCZELNIA\MiIAB\aspectexample\target\classes
-s
F:\Projects\UCZELNIA\MiIAB\aspectexample\target\generated-sources\aspectj-maven-plugin
F:\Projects\UCZELNIA\MiIAB\aspectexample\src\main\java\app\Application.java
F:\Projects\UCZELNIA\MiIAB\aspectexample\src\main\java\app\Aspect1.java
F:\Projects\UCZELNIA\MiIAB\aspectexample\src\main\java\app\Aspect2.java
F:\Projects\UCZELNIA\MiIAB\aspectexample\src\main\java\app\Aspect3.java
F:\Projects\UCZELNIA\MiIAB\aspectexample\src\main\java\app\Aspect4.java
F:\Projects\UCZELNIA\MiIAB\aspectexample\src\main\java\app\Intercepted.java
F:\Projects\UCZELNIA\MiIAB\aspectexample\src\main\java\app\model\Person.java
F:\Projects\UCZELNIA\MiIAB\aspectexample\src\main\java\app\services\UserService.java
